[debug] [2022-12-27T20:37:17.192Z] ----------------------------------------------------------------------
[debug] [2022-12-27T20:37:17.194Z] Command:       C:\Program Files\nodejs\node.exe C:\Users\USER\AppData\Roaming\npm\node_modules\firebase-tools\lib\bin\firebase.js init
[debug] [2022-12-27T20:37:17.195Z] CLI Version:   11.17.0
[debug] [2022-12-27T20:37:17.195Z] Platform:      win32
[debug] [2022-12-27T20:37:17.195Z] Node Version:  v16.15.1
[debug] [2022-12-27T20:37:17.196Z] Time:          Wed Dec 28 2022 02:37:17 GMT+0600 (Bangladesh Standard Time)
[debug] [2022-12-27T20:37:17.196Z] ----------------------------------------------------------------------
[debug] 
[debug] [2022-12-27T20:37:17.204Z] > command requires scopes: ["email","openid","https://www.googleapis.com/auth/cloudplatformprojects.readonly","https://www.googleapis.com/auth/firebase","https://www.googleapis.com/auth/cloud-platform"]
[debug] [2022-12-27T20:37:17.205Z] > authorizing via signed-in user (allhafesh825@gmail.com)
[info] 
     ######## #### ########  ######## ########     ###     ######  ########
     ##        ##  ##     ## ##       ##     ##  ##   ##  ##       ##
     ######    ##  ########  ######   ########  #########  ######  ######
     ##        ##  ##    ##  ##       ##     ## ##     ##       ## ##
     ##       #### ##     ## ######## ########  ##     ##  ######  ########

You're about to initialize a Firebase project in this directory:

  C:\Projects\to-do-task

Before we get started, keep in mind:

  * You are currently outside your home directory

